[debug] [2020-10-27T14:02:32.169Z] ----------------------------------------------------------------------
[debug] [2020-10-27T14:02:32.172Z] Command:       C:\Program Files\nodejs\node.exe C:\Users\abenr\AppData\Roaming\npm\node_modules\firebase-tools\lib\bin\firebase.js serve --only functions
[debug] [2020-10-27T14:02:32.172Z] CLI Version:   8.8.1
[debug] [2020-10-27T14:02:32.172Z] Platform:      win32
[debug] [2020-10-27T14:02:32.172Z] Node Version:  v12.16.1
[debug] [2020-10-27T14:02:32.174Z] Time:          Tue Oct 27 2020 11:02:32 GMT-0300 (GMT-03:00)
[debug] [2020-10-27T14:02:32.174Z] ----------------------------------------------------------------------
[debug] [2020-10-27T14:02:32.174Z] 
[debug] [2020-10-27T14:02:32.195Z] > command requires scopes: ["email","openid","https://www.googleapis.com/auth/cloudplatformprojects.readonly","https://www.googleapis.com/auth/firebase","https://www.googleapis.com/auth/cloud-platform"]
[debug] [2020-10-27T14:02:32.196Z] > authorizing via signed-in user
[debug] [2020-10-27T14:02:32.197Z] [iam] checking project abelia for permissions ["firebase.projects.get"]
[debug] [2020-10-27T14:02:32.203Z] >>> HTTP REQUEST POST https://cloudresourcemanager.googleapis.com/v1/projects/abelia:testIamPermissions  
 {"permissions":["firebase.projects.get"]}
[debug] [2020-10-27T14:02:33.212Z] <<< HTTP RESPONSE 200 {"content-type":"application/json; charset=UTF-8","vary":"X-Origin, Referer, Origin,Accept-Encoding","date":"Tue, 27 Oct 2020 14:02:29 GMT","server":"ESF","cache-control":"private","x-xss-protection":"0","x-frame-options":"SAMEORIGIN","x-content-type-options":"nosniff","server-timing":"gfet4t7; dur=926","alt-svc":"h3-Q050=\":443\"; ma=2592000,h3-29=\":443\"; ma=2592000,h3-T051=\":443\"; ma=2592000,h3-T050=\":443\"; ma=2592000,h3-Q046=\":443\"; ma=2592000,h3-Q043=\":443\"; ma=2592000,quic=\":443\"; ma=2592000; v=\"46,43\"","accept-ranges":"none","transfer-encoding":"chunked"}
[debug] [2020-10-27T14:02:33.214Z] >>> HTTP REQUEST GET https://firebase.googleapis.com/v1beta1/projects/abelia  
 
[debug] [2020-10-27T14:02:33.489Z] <<< HTTP RESPONSE 200 {"content-type":"application/json; charset=UTF-8","vary":"X-Origin, Referer, Origin,Accept-Encoding","date":"Tue, 27 Oct 2020 14:02:30 GMT","server":"ESF","cache-control":"private","x-xss-protection":"0","x-frame-options":"SAMEORIGIN","x-content-type-options":"nosniff","alt-svc":"h3-Q050=\":443\"; ma=2592000,h3-29=\":443\"; ma=2592000,h3-T051=\":443\"; ma=2592000,h3-T050=\":443\"; ma=2592000,h3-Q046=\":443\"; ma=2592000,h3-Q043=\":443\"; ma=2592000,quic=\":443\"; ma=2592000; v=\"46,43\"","accept-ranges":"none","transfer-encoding":"chunked"}
[debug] [2020-10-27T14:02:33.628Z] TypeError [ERR_INVALID_ARG_TYPE]: The "path" argument must be of type string. Received undefined
    at validateString (internal/validators.js:117:11)
    at Object.join (path.js:375:7)
    at Object.<anonymous> (C:\Users\abenr\AppData\Roaming\npm\node_modules\firebase-tools\lib\serve\functions.js:22:39)
    at Generator.next (<anonymous>)
    at C:\Users\abenr\AppData\Roaming\npm\node_modules\firebase-tools\lib\serve\functions.js:8:71
    at new Promise (<anonymous>)
    at __awaiter (C:\Users\abenr\AppData\Roaming\npm\node_modules\firebase-tools\lib\serve\functions.js:4:12)
    at Object.start (C:\Users\abenr\AppData\Roaming\npm\node_modules\firebase-tools\lib\serve\functions.js:20:16)
    at C:\Users\abenr\AppData\Roaming\npm\node_modules\firebase-tools\lib\serve\index.js:24:40
    at arrayMap (C:\Users\abenr\AppData\Roaming\npm\node_modules\firebase-tools\node_modules\lodash\lodash.js:639:23)
    at Function.map (C:\Users\abenr\AppData\Roaming\npm\node_modules\firebase-tools\node_modules\lodash\lodash.js:9580:14)
    at C:\Users\abenr\AppData\Roaming\npm\node_modules\firebase-tools\lib\serve\index.js:23:29
    at Generator.next (<anonymous>)
    at C:\Users\abenr\AppData\Roaming\npm\node_modules\firebase-tools\lib\serve\index.js:8:71
    at new Promise (<anonymous>)
    at __awaiter (C:\Users\abenr\AppData\Roaming\npm\node_modules\firebase-tools\lib\serve\index.js:4:12)
[error] 
[error] Error: An unexpected error has occurred.
